# JRE version: OpenJDK Runtime Environment Temurin-21.0.7+6 (21.0.7+6) (build 21.0.7+6-LTS)
# Java VM: OpenJDK 64-Bit Server VM Temurin-21.0.7+6 (21.0.7+6-LTS, mixed mode, sharing, tiered, compressed oops, compressed class ptrs, parallel gc, windows-amd64)
GC Precious Log:
 CardTable entry size: 512
 CPUs: 8 total, 8 available
 Memory: 7975M
 Large Page Support: Disabled
 NUMA Support: Disabled
 Compressed Oops: Enabled (32-bit)
 Alignments: Space 512K, Generation 512K, Heap 2M
 Heap Min Capacity: 100M
 Heap Initial Capacity: 100M
 Heap Max Capacity: 1G
 Pre-touch: Disabled
 Parallel Workers: 8
Heap:
 PSYoungGen      total 18432K, used 6761K [0x00000000eab00000, 0x00000000ebe80000, 0x0000000100000000)
  eden space 17920K, 35% used [0x00000000eab00000,0x00000000eb122598,0x00000000ebc80000)
  from space 512K, 93% used [0x00000000ebd80000,0x00000000ebdf8010,0x00000000ebe00000)
  to   space 1024K, 0% used [0x00000000ebc80000,0x00000000ebc80000,0x00000000ebd80000)
 ParOldGen       total 68608K, used 42871K [0x00000000c0000000, 0x00000000c4300000, 0x00000000eab00000)
  object space 68608K, 62% used [0x00000000c0000000,0x00000000c29ddc18,0x00000000c4300000)
 Metaspace       used 63900K, committed 65216K, reserved 1114112K
  class space    used 7856K, committed 8448K, reserved 1048576K
GC Heap History (20 events):
Event: 64.405 GC heap before
{Heap before GC invocations=66 (full 3):
 PSYoungGen      total 18432K, used 18048K [0x00000000eab00000, 0x00000000ebe00000, 0x0000000100000000)
  eden space 17920K, 100% used [0x00000000eab00000,0x00000000ebc80000,0x00000000ebc80000)
  from space 512K, 25% used [0x00000000ebd80000,0x00000000ebda0000,0x00000000ebe00000)
  to   space 512K, 0% used [0x00000000ebd00000,0x00000000ebd00000,0x00000000ebd80000)
 ParOldGen       total 68608K, used 42407K [0x00000000c0000000, 0x00000000c4300000, 0x00000000eab00000)
  object space 68608K, 61% used [0x00000000c0000000,0x00000000c2969c18,0x00000000c4300000)
 Metaspace       used 63802K, committed 65088K, reserved 1114112K
  class space    used 7852K, committed 8448K, reserved 1048576K
}
Event: 64.405 GC heap after
{Heap after GC invocations=66 (full 3):
 PSYoungGen      total 18432K, used 224K [0x00000000eab00000, 0x00000000ebe00000, 0x0000000100000000)
  eden space 17920K, 0% used [0x00000000eab00000,0x00000000eab00000,0x00000000ebc80000)
  from space 512K, 43% used [0x00000000ebd00000,0x00000000ebd38000,0x00000000ebd80000)
  to   space 512K, 0% used [0x00000000ebd80000,0x00000000ebd80000,0x00000000ebe00000)
 ParOldGen       total 68608K, used 42455K [0x00000000c0000000, 0x00000000c4300000, 0x00000000eab00000)
  object space 68608K, 61% used [0x00000000c0000000,0x00000000c2975c18,0x00000000c4300000)
 Metaspace       used 63802K, committed 65088K, reserved 1114112K
  class space    used 7852K, committed 8448K, reserved 1048576K
}
Event: 65.034 GC heap before
{Heap before GC invocations=67 (full 3):
 PSYoungGen      total 18432K, used 18144K [0x00000000eab00000, 0x00000000ebe00000, 0x0000000100000000)
  eden space 17920K, 100% used [0x00000000eab00000,0x00000000ebc80000,0x00000000ebc80000)
  from space 512K, 43% used [0x00000000ebd00000,0x00000000ebd38000,0x00000000ebd80000)
  to   space 512K, 0% used [0x00000000ebd80000,0x00000000ebd80000,0x00000000ebe00000)
 ParOldGen       total 68608K, used 42455K [0x00000000c0000000, 0x00000000c4300000, 0x00000000eab00000)
  object space 68608K, 61% used [0x00000000c0000000,0x00000000c2975c18,0x00000000c4300000)
 Metaspace       used 63802K, committed 65088K, reserved 1114112K
  class space    used 7852K, committed 8448K, reserved 1048576K
}
Event: 65.035 GC heap after
{Heap after GC invocations=67 (full 3):
 PSYoungGen      total 18432K, used 128K [0x00000000eab00000, 0x00000000ebe00000, 0x0000000100000000)
  eden space 17920K, 0% used [0x00000000eab00000,0x00000000eab00000,0x00000000ebc80000)
  from space 512K, 25% used [0x00000000ebd80000,0x00000000ebda0000,0x00000000ebe00000)
  to   space 512K, 0% used [0x00000000ebd00000,0x00000000ebd00000,0x00000000ebd80000)
 ParOldGen       total 68608K, used 42455K [0x00000000c0000000, 0x00000000c4300000, 0x00000000eab00000)
  object space 68608K, 61% used [0x00000000c0000000,0x00000000c2975c18,0x00000000c4300000)
 Metaspace       used 63802K, committed 65088K, reserved 1114112K
  class space    used 7852K, committed 8448K, reserved 1048576K
}
Event: 65.437 GC heap before
{Heap before GC invocations=68 (full 3):
 PSYoungGen      total 18432K, used 18048K [0x00000000eab00000, 0x00000000ebe00000, 0x0000000100000000)
  eden space 17920K, 100% used [0x00000000eab00000,0x00000000ebc80000,0x00000000ebc80000)
  from space 512K, 25% used [0x00000000ebd80000,0x00000000ebda0000,0x00000000ebe00000)
  to   space 512K, 0% used [0x00000000ebd00000,0x00000000ebd00000,0x00000000ebd80000)
 ParOldGen       total 68608K, used 42455K [0x00000000c0000000, 0x00000000c4300000, 0x00000000eab00000)
  object space 68608K, 61% used [0x00000000c0000000,0x00000000c2975c18,0x00000000c4300000)
 Metaspace       used 63810K, committed 65088K, reserved 1114112K
  class space    used 7854K, committed 8448K, reserved 1048576K
}
Event: 65.438 GC heap after
{Heap after GC invocations=68 (full 3):
 PSYoungGen      total 18432K, used 192K [0x00000000eab00000, 0x00000000ebe00000, 0x0000000100000000)
  eden space 17920K, 0% used [0x00000000eab00000,0x00000000eab00000,0x00000000ebc80000)
  from space 512K, 37% used [0x00000000ebd00000,0x00000000ebd30000,0x00000000ebd80000)
  to   space 512K, 0% used [0x00000000ebd80000,0x00000000ebd80000,0x00000000ebe00000)
 ParOldGen       total 68608K, used 42463K [0x00000000c0000000, 0x00000000c4300000, 0x00000000eab00000)
  object space 68608K, 61% used [0x00000000c0000000,0x00000000c2977c18,0x00000000c4300000)
 Metaspace       used 63810K, committed 65088K, reserved 1114112K
  class space    used 7854K, committed 8448K, reserved 1048576K
}
Event: 65.580 GC heap before
{Heap before GC invocations=69 (full 3):
 PSYoungGen      total 18432K, used 18112K [0x00000000eab00000, 0x00000000ebe00000, 0x0000000100000000)
  eden space 17920K, 100% used [0x00000000eab00000,0x00000000ebc80000,0x00000000ebc80000)
  from space 512K, 37% used [0x00000000ebd00000,0x00000000ebd30000,0x00000000ebd80000)
  to   space 512K, 0% used [0x00000000ebd80000,0x00000000ebd80000,0x00000000ebe00000)
 ParOldGen       total 68608K, used 42463K [0x00000000c0000000, 0x00000000c4300000, 0x00000000eab00000)
  object space 68608K, 61% used [0x00000000c0000000,0x00000000c2977c18,0x00000000c4300000)
 Metaspace       used 63810K, committed 65088K, reserved 1114112K
  class space    used 7854K, committed 8448K, reserved 1048576K
}
Event: 65.581 GC heap after
{Heap after GC invocations=69 (full 3):
 PSYoungGen      total 18432K, used 160K [0x00000000eab00000, 0x00000000ebe00000, 0x0000000100000000)
  eden space 17920K, 0% used [0x00000000eab00000,0x00000000eab00000,0x00000000ebc80000)
  from space 512K, 31% used [0x00000000ebd80000,0x00000000ebda8000,0x00000000ebe00000)
  to   space 512K, 0% used [0x00000000ebd00000,0x00000000ebd00000,0x00000000ebd80000)
 ParOldGen       total 68608K, used 42511K [0x00000000c0000000, 0x00000000c4300000, 0x00000000eab00000)
  object space 68608K, 61% used [0x00000000c0000000,0x00000000c2983c18,0x00000000c4300000)
 Metaspace       used 63810K, committed 65088K, reserved 1114112K
  class space    used 7854K, committed 8448K, reserved 1048576K
}
Event: 67.253 GC heap before
{Heap before GC invocations=70 (full 3):
 PSYoungGen      total 18432K, used 18080K [0x00000000eab00000, 0x00000000ebe00000, 0x0000000100000000)
  eden space 17920K, 100% used [0x00000000eab00000,0x00000000ebc80000,0x00000000ebc80000)
  from space 512K, 31% used [0x00000000ebd80000,0x00000000ebda8000,0x00000000ebe00000)
  to   space 512K, 0% used [0x00000000ebd00000,0x00000000ebd00000,0x00000000ebd80000)
 ParOldGen       total 68608K, used 42511K [0x00000000c0000000, 0x00000000c4300000, 0x00000000eab00000)
  object space 68608K, 61% used [0x00000000c0000000,0x00000000c2983c18,0x00000000c4300000)
 Metaspace       used 63832K, committed 65152K, reserved 1114112K
  class space    used 7856K, committed 8448K, reserved 1048576K
}
Event: 67.254 GC heap after
{Heap after GC invocations=70 (full 3):
 PSYoungGen      total 18432K, used 192K [0x00000000eab00000, 0x00000000ebe00000, 0x0000000100000000)
  eden space 17920K, 0% used [0x00000000eab00000,0x00000000eab00000,0x00000000ebc80000)
  from space 512K, 37% used [0x00000000ebd00000,0x00000000ebd30000,0x00000000ebd80000)
  to   space 512K, 0% used [0x00000000ebd80000,0x00000000ebd80000,0x00000000ebe00000)
 ParOldGen       total 68608K, used 42511K [0x00000000c0000000, 0x00000000c4300000, 0x00000000eab00000)
  object space 68608K, 61% used [0x00000000c0000000,0x00000000c2983c18,0x00000000c4300000)
 Metaspace       used 63832K, committed 65152K, reserved 1114112K
  class space    used 7856K, committed 8448K, reserved 1048576K
}
Event: 68.579 GC heap before
{Heap before GC invocations=71 (full 3):
 PSYoungGen      total 18432K, used 18112K [0x00000000eab00000, 0x00000000ebe00000, 0x0000000100000000)
  eden space 17920K, 100% used [0x00000000eab00000,0x00000000ebc80000,0x00000000ebc80000)
  from space 512K, 37% used [0x00000000ebd00000,0x00000000ebd30000,0x00000000ebd80000)
  to   space 512K, 0% used [0x00000000ebd80000,0x00000000ebd80000,0x00000000ebe00000)
 ParOldGen       total 68608K, used 42511K [0x00000000c0000000, 0x00000000c4300000, 0x00000000eab00000)
  object space 68608K, 61% used [0x00000000c0000000,0x00000000c2983c18,0x00000000c4300000)
 Metaspace       used 63832K, committed 65152K, reserved 1114112K
  class space    used 7856K, committed 8448K, reserved 1048576K
}
Event: 68.580 GC heap after
{Heap after GC invocations=71 (full 3):
 PSYoungGen      total 18432K, used 96K [0x00000000eab00000, 0x00000000ebe00000, 0x0000000100000000)
  eden space 17920K, 0% used [0x00000000eab00000,0x00000000eab00000,0x00000000ebc80000)
  from space 512K, 18% used [0x00000000ebd80000,0x00000000ebd98000,0x00000000ebe00000)
  to   space 512K, 0% used [0x00000000ebd00000,0x00000000ebd00000,0x00000000ebd80000)
 ParOldGen       total 68608K, used 42559K [0x00000000c0000000, 0x00000000c4300000, 0x00000000eab00000)
  object space 68608K, 62% used [0x00000000c0000000,0x00000000c298fc18,0x00000000c4300000)
 Metaspace       used 63832K, committed 65152K, reserved 1114112K
  class space    used 7856K, committed 8448K, reserved 1048576K
}
Event: 68.984 GC heap before
{Heap before GC invocations=72 (full 3):
 PSYoungGen      total 18432K, used 18016K [0x00000000eab00000, 0x00000000ebe00000, 0x0000000100000000)
  eden space 17920K, 100% used [0x00000000eab00000,0x00000000ebc80000,0x00000000ebc80000)
  from space 512K, 18% used [0x00000000ebd80000,0x00000000ebd98000,0x00000000ebe00000)
  to   space 512K, 0% used [0x00000000ebd00000,0x00000000ebd00000,0x00000000ebd80000)
 ParOldGen       total 68608K, used 42559K [0x00000000c0000000, 0x00000000c4300000, 0x00000000eab00000)
  object space 68608K, 62% used [0x00000000c0000000,0x00000000c298fc18,0x00000000c4300000)
 Metaspace       used 63832K, committed 65152K, reserved 1114112K
  class space    used 7856K, committed 8448K, reserved 1048576K
}
Event: 68.985 GC heap after
{Heap after GC invocations=72 (full 3):
 PSYoungGen      total 18432K, used 160K [0x00000000eab00000, 0x00000000ebe00000, 0x0000000100000000)
  eden space 17920K, 0% used [0x00000000eab00000,0x00000000eab00000,0x00000000ebc80000)
  from space 512K, 31% used [0x00000000ebd00000,0x00000000ebd28000,0x00000000ebd80000)
  to   space 512K, 0% used [0x00000000ebd80000,0x00000000ebd80000,0x00000000ebe00000)
 ParOldGen       total 68608K, used 42567K [0x00000000c0000000, 0x00000000c4300000, 0x00000000eab00000)
  object space 68608K, 62% used [0x00000000c0000000,0x00000000c2991c18,0x00000000c4300000)
 Metaspace       used 63832K, committed 65152K, reserved 1114112K
  class space    used 7856K, committed 8448K, reserved 1048576K
}
Event: 69.591 GC heap before
{Heap before GC invocations=73 (full 3):
 PSYoungGen      total 18432K, used 18080K [0x00000000eab00000, 0x00000000ebe00000, 0x0000000100000000)
  eden space 17920K, 100% used [0x00000000eab00000,0x00000000ebc80000,0x00000000ebc80000)
  from space 512K, 31% used [0x00000000ebd00000,0x00000000ebd28000,0x00000000ebd80000)
  to   space 512K, 0% used [0x00000000ebd80000,0x00000000ebd80000,0x00000000ebe00000)
 ParOldGen       total 68608K, used 42567K [0x00000000c0000000, 0x00000000c4300000, 0x00000000eab00000)
  object space 68608K, 62% used [0x00000000c0000000,0x00000000c2991c18,0x00000000c4300000)
 Metaspace       used 63832K, committed 65152K, reserved 1114112K
  class space    used 7856K, committed 8448K, reserved 1048576K
}
Event: 69.592 GC heap after
{Heap after GC invocations=73 (full 3):
 PSYoungGen      total 18432K, used 128K [0x00000000eab00000, 0x00000000ebe00000, 0x0000000100000000)
  eden space 17920K, 0% used [0x00000000eab00000,0x00000000eab00000,0x00000000ebc80000)
  from space 512K, 25% used [0x00000000ebd80000,0x00000000ebda0000,0x00000000ebe00000)
  to   space 512K, 0% used [0x00000000ebd00000,0x00000000ebd00000,0x00000000ebd80000)
 ParOldGen       total 68608K, used 42567K [0x00000000c0000000, 0x00000000c4300000, 0x00000000eab00000)
  object space 68608K, 62% used [0x00000000c0000000,0x00000000c2991c18,0x00000000c4300000)
 Metaspace       used 63832K, committed 65152K, reserved 1114112K
  class space    used 7856K, committed 8448K, reserved 1048576K
}
Event: 69.778 GC heap before
{Heap before GC invocations=74 (full 3):
 PSYoungGen      total 18432K, used 18048K [0x00000000eab00000, 0x00000000ebe00000, 0x0000000100000000)
  eden space 17920K, 100% used [0x00000000eab00000,0x00000000ebc80000,0x00000000ebc80000)
  from space 512K, 25% used [0x00000000ebd80000,0x00000000ebda0000,0x00000000ebe00000)
  to   space 512K, 0% used [0x00000000ebd00000,0x00000000ebd00000,0x00000000ebd80000)
 ParOldGen       total 68608K, used 42567K [0x00000000c0000000, 0x00000000c4300000, 0x00000000eab00000)
  object space 68608K, 62% used [0x00000000c0000000,0x00000000c2991c18,0x00000000c4300000)
 Metaspace       used 63832K, committed 65152K, reserved 1114112K
  class space    used 7856K, committed 8448K, reserved 1048576K
}
Event: 69.779 GC heap after
{Heap after GC invocations=74 (full 3):
 PSYoungGen      total 18432K, used 128K [0x00000000eab00000, 0x00000000ebe00000, 0x0000000100000000)
  eden space 17920K, 0% used [0x00000000eab00000,0x00000000eab00000,0x00000000ebc80000)
  from space 512K, 25% used [0x00000000ebd00000,0x00000000ebd20000,0x00000000ebd80000)
  to   space 512K, 0% used [0x00000000ebd80000,0x00000000ebd80000,0x00000000ebe00000)
 ParOldGen       total 68608K, used 42567K [0x00000000c0000000, 0x00000000c4300000, 0x00000000eab00000)
  object space 68608K, 62% used [0x00000000c0000000,0x00000000c2991c18,0x00000000c4300000)
 Metaspace       used 63832K, committed 65152K, reserved 1114112K
  class space    used 7856K, committed 8448K, reserved 1048576K
}
Event: 101.720 GC heap before
{Heap before GC invocations=75 (full 3):
 PSYoungGen      total 18432K, used 18048K [0x00000000eab00000, 0x00000000ebe00000, 0x0000000100000000)
  eden space 17920K, 100% used [0x00000000eab00000,0x00000000ebc80000,0x00000000ebc80000)
  from space 512K, 25% used [0x00000000ebd00000,0x00000000ebd20000,0x00000000ebd80000)
  to   space 512K, 0% used [0x00000000ebd80000,0x00000000ebd80000,0x00000000ebe00000)
 ParOldGen       total 68608K, used 42567K [0x00000000c0000000, 0x00000000c4300000, 0x00000000eab00000)
  object space 68608K, 62% used [0x00000000c0000000,0x00000000c2991c18,0x00000000c4300000)
 Metaspace       used 63900K, committed 65216K, reserved 1114112K
  class space    used 7856K, committed 8448K, reserved 1048576K
}
Event: 101.726 GC heap after
{Heap after GC invocations=75 (full 3):
 PSYoungGen      total 18432K, used 480K [0x00000000eab00000, 0x00000000ebe80000, 0x0000000100000000)
  eden space 17920K, 0% used [0x00000000eab00000,0x00000000eab00000,0x00000000ebc80000)
  from space 512K, 93% used [0x00000000ebd80000,0x00000000ebdf8010,0x00000000ebe00000)
  to   space 1024K, 0% used [0x00000000ebc80000,0x00000000ebc80000,0x00000000ebd80000)
 ParOldGen       total 68608K, used 42871K [0x00000000c0000000, 0x00000000c4300000, 0x00000000eab00000)
  object space 68608K, 62% used [0x00000000c0000000,0x00000000c29ddc18,0x00000000c4300000)
 Metaspace       used 63900K, committed 65216K, reserved 1114112K
  class space    used 7856K, committed 8448K, reserved 1048576K
}

