# JRE version: Java(TM) SE Runtime Environment (22.0.2+9) (build 22.0.2+9-70)
# Java VM: Java HotSpot(TM) 64-Bit Server VM (22.0.2+9-70, mixed mode, sharing, tiered, compressed oops, compressed class ptrs, g1 gc, windows-amd64)
GC Precious Log:
 CardTable entry size: 512
 Card Set container configuration: InlinePtr #cards 4 size 8 Array Of Cards #cards 32 size 80 Howl #buckets 8 coarsen threshold 7372 Howl Bitmap #cards 1024 size 144 coarsen threshold 921 Card regions per heap region 1 cards per card region 8192
 CPUs: 8 total, 8 available
 Memory: 7975M
 Large Page Support: Disabled
 NUMA Support: Disabled
 Compressed Oops: Enabled (Zero based)
 Heap Region Size: 4M
 Heap Min Capacity: 8M
 Heap Initial Capacity: 128M
 Heap Max Capacity: 8G
 Pre-touch: Disabled
 Parallel Workers: 8
 Concurrent Workers: 2
 Concurrent Refinement Workers: 8
 Periodic GC: Disabled
Heap:
 garbage-first heap   total reserved 8388608K, committed 344064K, used 266601K [0x0000000600000000, 0x0000000800000000)
  region size 4096K, 19 young (77824K), 2 survivors (8192K)
 Metaspace       used 113267K, committed 115968K, reserved 1179648K
  class space    used 16324K, committed 17600K, reserved 1048576K
GC Heap History (20 events):
Event: 30.535 GC heap before
{Heap before GC invocations=42 (full 0):
 garbage-first heap   total reserved 8388608K, committed 225280K, used 196868K [0x0000000600000000, 0x0000000800000000)
  region size 4096K, 17 young (69632K), 2 survivors (8192K)
 Metaspace       used 88021K, committed 90368K, reserved 1179648K
  class space    used 12596K, committed 13696K, reserved 1048576K
}
Event: 30.545 GC heap after
{Heap after GC invocations=43 (full 0):
 garbage-first heap   total reserved 8388608K, committed 270336K, used 146188K [0x0000000600000000, 0x0000000800000000)
  region size 4096K, 3 young (12288K), 3 survivors (12288K)
 Metaspace       used 88021K, committed 90368K, reserved 1179648K
  class space    used 12596K, committed 13696K, reserved 1048576K
}
Event: 32.227 GC heap before
{Heap before GC invocations=43 (full 0):
 garbage-first heap   total reserved 8388608K, committed 270336K, used 240396K [0x0000000600000000, 0x0000000800000000)
  region size 4096K, 26 young (106496K), 3 survivors (12288K)
 Metaspace       used 92440K, committed 94848K, reserved 1179648K
  class space    used 13217K, committed 14336K, reserved 1048576K
}
Event: 32.235 GC heap after
{Heap after GC invocations=44 (full 0):
 garbage-first heap   total reserved 8388608K, committed 270336K, used 152601K [0x0000000600000000, 0x0000000800000000)
  region size 4096K, 2 young (8192K), 2 survivors (8192K)
 Metaspace       used 92440K, committed 94848K, reserved 1179648K
  class space    used 13217K, committed 14336K, reserved 1048576K
}
Event: 33.544 GC heap before
{Heap before GC invocations=44 (full 0):
 garbage-first heap   total reserved 8388608K, committed 270336K, used 238617K [0x0000000600000000, 0x0000000800000000)
  region size 4096K, 23 young (94208K), 2 survivors (8192K)
 Metaspace       used 98188K, committed 100672K, reserved 1179648K
  class space    used 14150K, committed 15296K, reserved 1048576K
}
Event: 33.550 GC heap after
{Heap after GC invocations=45 (full 0):
 garbage-first heap   total reserved 8388608K, committed 270336K, used 156268K [0x0000000600000000, 0x0000000800000000)
  region size 4096K, 1 young (4096K), 1 survivors (4096K)
 Metaspace       used 98188K, committed 100672K, reserved 1179648K
  class space    used 14150K, committed 15296K, reserved 1048576K
}
Event: 34.819 GC heap before
{Heap before GC invocations=45 (full 0):
 garbage-first heap   total reserved 8388608K, committed 270336K, used 242284K [0x0000000600000000, 0x0000000800000000)
  region size 4096K, 22 young (90112K), 1 survivors (4096K)
 Metaspace       used 101106K, committed 103616K, reserved 1179648K
  class space    used 14566K, committed 15744K, reserved 1048576K
}
Event: 34.830 GC heap after
{Heap after GC invocations=46 (full 0):
 garbage-first heap   total reserved 8388608K, committed 270336K, used 163926K [0x0000000600000000, 0x0000000800000000)
  region size 4096K, 3 young (12288K), 3 survivors (12288K)
 Metaspace       used 101106K, committed 103616K, reserved 1179648K
  class space    used 14566K, committed 15744K, reserved 1048576K
}
Event: 35.500 GC heap before
{Heap before GC invocations=47 (full 0):
 garbage-first heap   total reserved 8388608K, committed 282624K, used 237654K [0x0000000600000000, 0x0000000800000000)
  region size 4096K, 21 young (86016K), 3 survivors (12288K)
 Metaspace       used 101109K, committed 103616K, reserved 1179648K
  class space    used 14566K, committed 15744K, reserved 1048576K
}
Event: 35.509 GC heap after
{Heap after GC invocations=48 (full 0):
 garbage-first heap   total reserved 8388608K, committed 282624K, used 168355K [0x0000000600000000, 0x0000000800000000)
  region size 4096K, 2 young (8192K), 2 survivors (8192K)
 Metaspace       used 101109K, committed 103616K, reserved 1179648K
  class space    used 14566K, committed 15744K, reserved 1048576K
}
Event: 36.925 GC heap before
{Heap before GC invocations=48 (full 0):
 garbage-first heap   total reserved 8388608K, committed 282624K, used 254371K [0x0000000600000000, 0x0000000800000000)
  region size 4096K, 23 young (94208K), 2 survivors (8192K)
 Metaspace       used 102435K, committed 105088K, reserved 1179648K
  class space    used 14833K, committed 16064K, reserved 1048576K
}
Event: 36.937 GC heap after
{Heap after GC invocations=49 (full 0):
 garbage-first heap   total reserved 8388608K, committed 282624K, used 177641K [0x0000000600000000, 0x0000000800000000)
  region size 4096K, 3 young (12288K), 3 survivors (12288K)
 Metaspace       used 102435K, committed 105088K, reserved 1179648K
  class space    used 14833K, committed 16064K, reserved 1048576K
}
Event: 37.591 GC heap before
{Heap before GC invocations=49 (full 0):
 garbage-first heap   total reserved 8388608K, committed 282624K, used 247273K [0x0000000600000000, 0x0000000800000000)
  region size 4096K, 21 young (86016K), 3 survivors (12288K)
 Metaspace       used 102507K, committed 105152K, reserved 1179648K
  class space    used 14840K, committed 16064K, reserved 1048576K
}
Event: 37.599 GC heap after
{Heap after GC invocations=50 (full 0):
 garbage-first heap   total reserved 8388608K, committed 282624K, used 181719K [0x0000000600000000, 0x0000000800000000)
  region size 4096K, 2 young (8192K), 2 survivors (8192K)
 Metaspace       used 102507K, committed 105152K, reserved 1179648K
  class space    used 14840K, committed 16064K, reserved 1048576K
}
Event: 38.856 GC heap before
{Heap before GC invocations=51 (full 0):
 garbage-first heap   total reserved 8388608K, committed 315392K, used 243159K [0x0000000600000000, 0x0000000800000000)
  region size 4096K, 18 young (73728K), 2 survivors (8192K)
 Metaspace       used 103019K, committed 105664K, reserved 1179648K
  class space    used 14902K, committed 16128K, reserved 1048576K
}
Event: 38.865 GC heap after
{Heap after GC invocations=52 (full 0):
 garbage-first heap   total reserved 8388608K, committed 315392K, used 189505K [0x0000000600000000, 0x0000000800000000)
  region size 4096K, 3 young (12288K), 3 survivors (12288K)
 Metaspace       used 103019K, committed 105664K, reserved 1179648K
  class space    used 14902K, committed 16128K, reserved 1048576K
}
Event: 40.680 GC heap before
{Heap before GC invocations=52 (full 0):
 garbage-first heap   total reserved 8388608K, committed 315392K, used 275521K [0x0000000600000000, 0x0000000800000000)
  region size 4096K, 25 young (102400K), 3 survivors (12288K)
 Metaspace       used 107442K, committed 110080K, reserved 1179648K
  class space    used 15548K, committed 16768K, reserved 1048576K
}
Event: 40.699 GC heap after
{Heap after GC invocations=53 (full 0):
 garbage-first heap   total reserved 8388608K, committed 315392K, used 193770K [0x0000000600000000, 0x0000000800000000)
  region size 4096K, 2 young (8192K), 2 survivors (8192K)
 Metaspace       used 107442K, committed 110080K, reserved 1179648K
  class space    used 15548K, committed 16768K, reserved 1048576K
}
Event: 41.978 GC heap before
{Heap before GC invocations=53 (full 0):
 garbage-first heap   total reserved 8388608K, committed 315392K, used 283882K [0x0000000600000000, 0x0000000800000000)
  region size 4096K, 24 young (98304K), 2 survivors (8192K)
 Metaspace       used 112469K, committed 115200K, reserved 1179648K
  class space    used 16223K, committed 17536K, reserved 1048576K
}
Event: 41.989 GC heap after
{Heap after GC invocations=54 (full 0):
 garbage-first heap   total reserved 8388608K, committed 315392K, used 201065K [0x0000000600000000, 0x0000000800000000)
  region size 4096K, 2 young (8192K), 2 survivors (8192K)
 Metaspace       used 112469K, committed 115200K, reserved 1179648K
  class space    used 16223K, committed 17536K, reserved 1048576K
}

